<?xml version="1.0" encoding="UTF-8"?>
<!-- Generated by org.testng.reporters.JUnitReportReporter -->
<testsuite hostname="LAPTOP-RL7JVSAU" failures="0" tests="3" name="com.actiTime.testcsript.Project_Module" time="4.860" errors="0" timestamp="2025-02-18T20:34:22 IST" skipped="0">
  <testcase classname="com.actiTime.testcsript.Project_Module" name="modifyProject" time="1.680"/>
  <system-out>
    <![CDATA[modify project]]>
  </system-out>
  <testcase classname="com.actiTime.testcsript.Project_Module" name="deleteProject" time="1.582"/>
  <system-out>
    <![CDATA[delete project]]>
  </system-out>
  <testcase classname="com.actiTime.testcsript.Project_Module" name="createProject" time="1.598"/>
  <system-out>
    <![CDATA[createProject]]>
  </system-out>
</testsuite> <!-- com.actiTime.testcsript.Project_Module -->
