<?xml version="1.0" encoding="UTF-8"?>
<!-- Generated by org.testng.reporters.JUnitReportReporter -->
<testsuite hostname="LAPTOP-RL7JVSAU" failures="0" tests="3" name="com.actiTime.testcsript.Customer_Module" time="4.680" errors="0" timestamp="2025-02-18T20:34:22 IST" skipped="0">
  <testcase classname="com.actiTime.testcsript.Customer_Module" name="deleteCustomer" time="1.545"/>
  <system-out>
    <![CDATA[delete customer]]>
  </system-out>
  <testcase classname="com.actiTime.testcsript.Customer_Module" name="createCustomer" time="1.568"/>
  <system-out>
    <![CDATA[Create customer]]>
  </system-out>
  <testcase classname="com.actiTime.testcsript.Customer_Module" name="editCustomer" time="1.567"/>
  <system-out>
    <![CDATA[Edit customer]]>
  </system-out>
</testsuite> <!-- com.actiTime.testcsript.Customer_Module -->
