<?xml version="1.0" encoding="UTF-8"?>
<!-- Generated by org.testng.reporters.JUnitReportReporter -->
<testsuite hostname="LAPTOP-RL7JVSAU" failures="0" tests="1" name="com.actiTime.pom.TestMethods" time="13.595" errors="0" timestamp="2025-02-19T12:58:22 IST" skipped="0">
  <testcase classname="com.actiTime.pom.TestMethods" name="validLogin" time="13.595"/>
  <system-out/>
</testsuite> <!-- com.actiTime.pom.TestMethods -->
