<?xml version="1.0" encoding="UTF-8"?>
<!-- Generated by org.testng.reporters.JUnitReportReporter -->
<testsuite hostname="LAPTOP-RL7JVSAU" failures="0" tests="1" name="com.actiTime.testcsript.UserModule" time="5.912" errors="0" timestamp="2025-02-20T13:25:09 IST" skipped="0">
  <testcase classname="com.actiTime.testcsript.UserModule" name="createUser" time="5.912"/>
  <system-out/>
</testsuite> <!-- com.actiTime.testcsript.UserModule -->
