<?xml version="1.0" encoding="UTF-8"?>
<!-- Generated by org.testng.reporters.JUnitReportReporter -->
<testsuite hostname="LAPTOP-RL7JVSAU" failures="0" tests="1" name="com.actiTime.testcsript.DemoTestNG" time="0.001" errors="0" timestamp="2025-02-11T21:15:53 IST" skipped="0">
  <testcase classname="com.actiTime.testcsript.DemoTestNG" name="demo" time="0.001"/>
  <system-out>
    <![CDATA[Welcome to Testing
Selenium
Good evening]]>
  </system-out>
</testsuite> <!-- com.actiTime.testcsript.DemoTestNG -->
