<?xml version="1.0" encoding="UTF-8"?>
<!-- Generated by org.testng.reporters.JUnitReportReporter -->
<testsuite hostname="LAPTOP-RL7JVSAU" failures="0" tests="1" name="com.actiTime.testcsript.Task_Module" time="3.822" errors="0" timestamp="2025-02-21T12:47:41 IST" skipped="0">
  <testcase classname="com.actiTime.testcsript.Task_Module" name="createTask" time="3.822"/>
  <system-out>
    <![CDATA[create task]]>
  </system-out>
</testsuite> <!-- com.actiTime.testcsript.Task_Module -->
