<?xml version="1.0" encoding="UTF-8"?>
<!-- Generated by org.testng.reporters.JUnitReportReporter -->
<testsuite hostname="LAPTOP-RL7JVSAU" failures="0" tests="1" name="com.actiTime.testcsript.DemoAssertion" time="14.366" errors="0" timestamp="2025-02-11T21:15:53 IST" skipped="0">
  <testcase classname="com.actiTime.testcsript.DemoAssertion" name="varifyTitle" time="14.366"/>
  <system-out>
    <![CDATA[Comparison matched
Hi]]>
  </system-out>
</testsuite> <!-- com.actiTime.testcsript.DemoAssertion -->
